[0mGET / [36m304[0m 69.519 ms - -[0m
[0mGET / [36m304[0m 23.546 ms - -[0m
[0mGET / [36m304[0m 65.938 ms - -[0m
[0mGET / [36m304[0m 23.231 ms - -[0m
[0mGET / [36m304[0m 20.176 ms - -[0m
[0mGET / [36m304[0m 32.955 ms - -[0m
[0mGET / [36m304[0m 37.220 ms - -[0m
[0mGET / [36m304[0m 14.584 ms - -[0m
[0mGET /users/sign-in [36m304[0m 8.537 ms - -[0m
[0mGET /users/auth/google [36m302[0m 6.049 ms - 0[0m
[0mGET /users/auth/google/callback?code=4%2F0AY0e-g4OZc7OGYTh4tGeQsPyAPOnpHNa06479VxFGOPRvitcHydTFoIlEuiPWTF-HTUK8A&scope=email+profile+https%3A%2F%2Fwww.googleapis.com%2Fauth%2Fuserinfo.profile+https%3A%2F%2Fwww.googleapis.com%2Fauth%2Fuserinfo.email+openid&authuser=3&prompt=consent [36m302[0m 1183.261 ms - 46[0m
[0mGET / [32m200[0m 19.357 ms - 6918[0m
[0mGET / [32m200[0m 75.090 ms - 5010[0m
[0mGET /favicon.ico [33m404[0m 11.393 ms - 150[0m
[0mGET / [36m304[0m 69.761 ms - -[0m
[0mGET / [36m304[0m 71.096 ms - -[0m
[0mGET / [36m304[0m 81.378 ms - -[0m
[0mGET / [36m304[0m 26.988 ms - -[0m
[0mGET / [36m304[0m 29.689 ms - -[0m
[0mGET / [36m304[0m 24.338 ms - -[0m
[0mGET / [36m304[0m 29.305 ms - -[0m
[0mGET / [36m304[0m 25.977 ms - -[0m
[0mGET / [36m304[0m 22.880 ms - -[0m
[0mGET / [32m200[0m 41.976 ms - 4996[0m
[0mGET / [36m304[0m 12.840 ms - -[0m
[0mGET / [36m304[0m 43.207 ms - -[0m
[0mGET / [36m304[0m 17.383 ms - -[0m
[0mGET / [36m304[0m 12.534 ms - -[0m
[0mGET / [32m200[0m 16.392 ms - 5010[0m
[0mGET / [36m304[0m 34.081 ms - -[0m
