[0mGET / [32m200[0m 76.789 ms - 5010[0m
[0mGET /favicon.ico [33m404[0m 17.972 ms - 150[0m
[0mGET /users/sign-in [32m200[0m 10.319 ms - 3733[0m
[0mGET /users/sign-in [32m200[0m 12.846 ms - 3734[0m
[0mGET /users/sign-in [36m304[0m 9.630 ms - -[0m
[0mGET /users/sign-in [32m200[0m 10.583 ms - 3725[0m
[0mGET /users/sign-in [32m200[0m 34.956 ms - 3725[0m
[0mGET /auth/github [33m404[0m 8.505 ms - 150[0m
[0mGET /users/sign-in [36m304[0m 10.969 ms - -[0m
[0mGET /auth/github [33m404[0m 5.681 ms - 150[0m
[0mGET /auth/github [33m404[0m 18.834 ms - 150[0m
[0mGET /users/sign-in [36m304[0m 33.055 ms - -[0m
[0mGET /auth/github [33m404[0m 7.281 ms - 150[0m
[0mGET /users/sign-in [32m200[0m 10.352 ms - 3731[0m
[0mGET /users/sign-in [36m304[0m 9.669 ms - -[0m
[0mGET /users/sign-in [36m304[0m 9.225 ms - -[0m
[0mGET /users/sign-in [36m304[0m 8.681 ms - -[0m
[0mGET /users/sign-in [36m304[0m 7.042 ms - -[0m
[0mGET /users/auth/github [31m500[0m 10.108 ms - 2218[0m
[0mGET /users/sign-in [36m304[0m 32.521 ms - -[0m
[0mGET /users/sign-in [36m304[0m 11.419 ms - -[0m
[0mGET /users/auth/github [36m302[0m 10.271 ms - 0[0m
[0mGET /auth/github/callback?code=fdd8430cf9dcee1a894e [33m404[0m 8.692 ms - 159[0m
[0mGET /auth/github/callback?code=fdd8430cf9dcee1a894e [33m404[0m 18.612 ms - 159[0m
[0mGET /auth/github/callback?code=bdc3117f22cb8a2e02e9 [33m404[0m 4.591 ms - 159[0m
[0mGET /auth/github/callback?code=bdc3117f22cb8a2e02e9 [33m404[0m 16.514 ms - 159[0m
[0mGET /users/sign-in [36m304[0m 23.108 ms - -[0m
[0mGET /users/auth/github [36m302[0m 11.260 ms - 0[0m
[0mGET /auth/github/callback?code=4264e984d46fc66b2b0e [33m404[0m 4.428 ms - 159[0m
[0mGET /auth/github/callback?code=4264e984d46fc66b2b0e [33m404[0m 17.888 ms - 159[0m
[0mGET /users/sign-in [36m304[0m 22.296 ms - -[0m
[0mGET /users/auth/github [36m302[0m 11.670 ms - 0[0m
[0mGET /auth/github/callback?code=83466c63ee91dec03cc0 [33m404[0m 4.198 ms - 159[0m
[0mGET /users/sign-in [36m304[0m 34.747 ms - -[0m
[0mGET /users/auth/github [36m302[0m 11.824 ms - 0[0m
[0mGET /users/auth/github/callback?error=redirect_uri_mismatch&error_description=The+redirect_uri+MUST+match+the+registered+callback+URL+for+this+application.&error_uri=https%3A%2F%2Fdocs.github.com%2Fapps%2Fmanaging-oauth-apps%2Ftroubleshooting-authorization-request-errors%2F%23redirect-uri-mismatch [31m500[0m 8.092 ms - 2294[0m
[0mGET /users/auth/github/callback?error=redirect_uri_mismatch&error_description=The+redirect_uri+MUST+match+the+registered+callback+URL+for+this+application.&error_uri=https%3A%2F%2Fdocs.github.com%2Fapps%2Fmanaging-oauth-apps%2Ftroubleshooting-authorization-request-errors%2F%23redirect-uri-mismatch [31m500[0m 5.482 ms - 2294[0m
[0mGET /users/auth/github/callback?error=redirect_uri_mismatch&error_description=The+redirect_uri+MUST+match+the+registered+callback+URL+for+this+application.&error_uri=https%3A%2F%2Fdocs.github.com%2Fapps%2Fmanaging-oauth-apps%2Ftroubleshooting-authorization-request-errors%2F%23redirect-uri-mismatch [31m500[0m 20.348 ms - 2294[0m
[0mGET /users/auth/github/callback?error=redirect_uri_mismatch&error_description=The+redirect_uri+MUST+match+the+registered+callback+URL+for+this+application.&error_uri=https%3A%2F%2Fdocs.github.com%2Fapps%2Fmanaging-oauth-apps%2Ftroubleshooting-authorization-request-errors%2F%23redirect-uri-mismatch [31m500[0m 6.674 ms - 2294[0m
[0mGET /users/sign-in [36m304[0m 22.345 ms - -[0m
[0mGET /users/auth/github [36m302[0m 8.486 ms - 0[0m
[0mGET /users/auth/github/callback?code=a1d128ccb90896b53c86 [36m302[0m 2484.723 ms - 46[0m
[0mGET / [31m500[0m 14.078 ms - 2286[0m
[0mGET / [31m500[0m 17.772 ms - 2286[0m
[0mGET / [31m500[0m 5.284 ms - 2286[0m
[0mGET /users/sign-in [31m500[0m 5.517 ms - 2286[0m
[0mGET /users/sign-in [31m500[0m 5.245 ms - 2286[0m
[0mGET / [31m500[0m 22.954 ms - 2286[0m
[0mGET / [31m500[0m 4.477 ms - 2286[0m
[0mGET / [36m304[0m 40.798 ms - -[0m
[0mGET /users/sign-in [32m200[0m 9.230 ms - 3731[0m
[0mGET /users/auth/github [36m302[0m 6.949 ms - 0[0m
[0mGET /users/auth/github/callback?code=94f6ed5e1467d3c75932 [0m-[0m - ms - -[0m
[0mGET /users/sign-in [36m304[0m 18.131 ms - -[0m
[0mGET /users/auth/github [36m302[0m 6.430 ms - 0[0m
[0mGET /users/auth/github/callback?code=1c333a82dd838d04e4b9 [0m-[0m - ms - -[0m
[0mGET /users/auth/github/callback?code=8df9b75951467c1e73c1 [31m500[0m 746.162 ms - 1299[0m
[0mGET /users/sign-in [36m304[0m 33.502 ms - -[0m
[0mGET /users/auth/github [36m302[0m 11.179 ms - 0[0m
[0mGET /users/auth/github/callback?code=571d7b3cb336b75d03e1 [0m-[0m - ms - -[0m
[0mGET /users/sign-in [32m200[0m 36.016 ms - 3730[0m
[0mGET /users/sign-in [32m200[0m 18.089 ms - 4038[0m
[0mGET /users/sign-in [32m200[0m 11.110 ms - 4054[0m
[0mGET /users/sign-in [32m200[0m 12.803 ms - 4055[0m
[0mGET /users/auth/github [36m302[0m 24.186 ms - 0[0m
[0mGET /users/auth/github/callback?code=023f2155dc1b51f6306a [0m-[0m - ms - -[0m
[0mGET /users/sign-in [36m304[0m 27.517 ms - -[0m
[0mGET /users/auth/facebook [36m302[0m 10.928 ms - 0[0m
[0mGET /users/auth/facebook/callback?code=AQBLn3RWeZTRfib7oOXIuy0pmxBO_9UuC_RgEhzguDig19UHmBdzQeefMgdtIVeBTorpVe0OVxPHWSQDrXnw58ehB6kyP0TkxU8I6BRHGb8ez8wC2nYEJQrf7fbTeZARYVG4ut-nhslvrsBckQVh197esRhhP3yjcC8TuiSg_kWRt9HIRaFo9rWFnmeU2zwvdJqwouXORTrq1utYgBFCNQs9KtE5O0c9TCV4ZvZeeOmfNvDpQNGN6AZ266KWi0t2xZPIvLWUqL4WoCkU3e3cwHwI_cul7lsrvBFAlg89AHhDkkyD6F410Ipbli71uDsiBcVqM0Ey9aYFU41LAWTN6o6688eNEOMCHq84VkRVMF1xPw [31m500[0m 1215.403 ms - 1180[0m
[0mGET /users/auth/facebook/callback?code=AQCT7ZWnAifPdME3jbksJCVaZVmdJyabB4f4pRe8YWm0M3PUdr4F1NNv9Qru95V9eixKHIAZNMrShYS5a9X1PyK8ZW4u3GtLtFBLy3tZEazaB2fyZCyfUgsmoYhINe9QF2TH736G_Nm_5e2Dy9MbF-5YMPBaZJKbQV-poSBgvHUz9j-GgpdRIK_u7f44zg04p0iX57QV16OWybTxg7Vd3X6Fp15gAbkpxaRIBuXEQFLensY0q7K-tfZ1Dm-ys36o1v3n9X2uRrfTLUG6TGl_aFNxE2DAil-0qQCwW7xyNkbrHE6I4FyfLin-kB4oc4H2L14hdGN2SqtOPx_jMJ7FRcgSSjN_cU8Uo8-jT2GAkfAZ5w [0m-[0m - ms - -[0m
[0mGET /users/sign-in [36m304[0m 24.691 ms - -[0m
[0mGET /users/auth/facebook [36m302[0m 10.783 ms - 0[0m
[0mGET /users/auth/facebook/callback?code=AQDePfxD58CKA2ABly6kDO0K-2MjyAbmQLnC6u5wzjGfjd8aJ41y039Fktb3QgufwpyGgnkUSxbo9INaSrMFBJ0hio0aXNq65StICR4Y-tVn_tifmyLpx5ttLS2W-g4_tPNQxxXEJ0mEyfm_tHdg-qcHwMDxndrM-4_yt3BTi9vlXwXCwNpRKZD3n6RfoAUkvA21ZSU0JKze_fB0Gfe1IxDsgIXRk_9Jzbs5oGXsvi0dR803MNwdtCdVbsCp9E0Y6Gx0ZGsFSBnmGne0GY8u3oZv9GTLokR1xv4ieWmfVpv7kI4TNtpMcYbZ2dD1mjLyGb49adE-sEvS0s8ipY8mECWRpPfGMRm_84vuoRFYbHdgMQ [0m-[0m - ms - -[0m
[0mGET / [36m304[0m 33.516 ms - -[0m
[0mGET / [36m304[0m 20.079 ms - -[0m
[0mGET / [36m304[0m 24.682 ms - -[0m
[0mGET / [36m304[0m 53.111 ms - -[0m
[0mGET /users/sign-in [32m200[0m 13.411 ms - 4055[0m
[0mGET /users/auth/facebook [36m302[0m 10.842 ms - 0[0m
[0mGET /users/auth/facebook/callback?code=AQCvQv5sDC8cKxiUsldI4_dMN7q0NUIWEHIf7FOEpiYOSfOfRQnXw0VLkUcfPkPMzI37DOOOpCKpPp5izWzNrag7bRUEdU5nEcOlDqkaAdKNlUpZbmEQFSdKsJeR4wXcIrqdD3TPB2wXLUU8cQ_P6nbcy6ozS-RLFEcw2U4CLWIBeXQvlWKuJE_5eN0edkRJbSyrmO8lAFR_DS1TdPa9UDV2CPZy7eCBZIdLSJmgOTfL_-c0liHir72O9Bjtylx0F4OFDGNYqYHgpIcIRQaXyMsULFVFwonzGNgAxGf_YdxrtCZSFnH-haIiUvdoBEVabbIpqb09zZ_rFJMjY2Jpg6xYVbjCU1Mf15upFQGUBd8ALQ [0m-[0m - ms - -[0m
[0mGET /users/sign-in [36m304[0m 35.593 ms - -[0m
[0mGET /users/auth/facebook [36m302[0m 16.709 ms - 0[0m
[0mGET /users/auth/facebook/callback?code=AQCeNM4_7d-dBHb3r5zc_AVIwhEvUxpsT17C5wj9Rdyut5tB72C7R1cMTT-2xYd3ne2yon-IR3Zr3uVE8SZ6L2_XtPWfnYj3pXMgdpKv5TJp4gEhAzn-Xa8JiCGNK6XkMOulK_sy4ai6cmRPUiYnTzjrjn4OZphN24e65Hu-Yuv9LfBBJppDimahM3YM2vZCLUaxgSAGVvE5ckVxpialkG2XsWWAcGeaHZZi6ViK4HaSFjZonHfaWF7YesbOaLYb8Jr6EsUqRj_r9_5QhBWEKcSUi_GVgkOgkuX573gQehgWzT1Saa_PrLGukwzTHemkwHDnQFSPTZ0lI8bKi6ydhpck [0m-[0m - ms - -[0m
[0mGET /users/sign-in [36m304[0m 14.200 ms - -[0m
[0mGET /users/auth/facebook [36m302[0m 10.861 ms - 0[0m
[0mGET /users/auth/facebook/callback?code=AQDskNDLLIu2kid9-YdRyH3EP_bzssSCbM__TQ3y4lXuk65dFZx5bnpUSaIYJok3WEm5fxKtHp3na2HDfGRQNeQORv5JSMgh_NwX_E6fiJzJ7mVKRCfEteoQ8JQe5BV56GY0hxKOPuj7pz4ekWWHOgCIZMd-2aqC8ZS5LdByULTagMEr5WKe4ApA5SPhJw2sxVfclCnVaaNXD3Fpzr9_pcFV0TC1KaBQMRnklByHrRakVNw20Nb2ZN2JlBDD25eIF309sAGGxC3EBFQw08MZlRVjF_qOceueJpalDNH-Q7lvXTRwupdfJ_BBMeNFoilPOv_cM4mxY5VNr0l956b9rKt8 [31m500[0m 787.549 ms - 1180[0m
[0mGET /users/sign-in [36m304[0m 48.703 ms - -[0m
[0mGET /users/auth/facebook [36m302[0m 14.315 ms - 0[0m
[0mGET /users/auth/facebook/callback?code=AQCeH6ki3-gTWQhUjX3LhTvNJs6hAqG-np2BrxNwLrSgH5u4xe6cp1dknb_V7Zc6T9HznEztXUl2nbK_xPq4Se9hMMi9Z6JtRgPcbiYYRNlS2tkaxmVkSbQqW_YIcqteMTCfi2fNfJ2NlzkCwGUeWI-gMv3XVSTFirTbWecdRH2fE4J6FxNsXZBYQ-VlQryxuyO-gOv2JTSvdZbJb6TQSf9T-lnrjzUWbEPwmQnmXnr1OaR4WudBtQseixN-A4Yq_NwQC2JVkQDfWjaxB_cfwtlWndyu_WWgC5IMKDWOxZzN22OP2uUTsumtkwAQMJp2dMUllCEzPyhKolzdItcOCMLV [0m-[0m - ms - -[0m
[0mGET /users/sign-in [36m304[0m 26.483 ms - -[0m
[0mGET /users/auth/facebook [36m302[0m 16.160 ms - 0[0m
[0mGET /users/auth/facebook/callback?code=AQBsrwj0Hf3bhrrZAz62LSEWUKxOp97VdYsfER4DtpnRoaXTCsFqBfd4k4Fj1Lfpx_gcqSDTZYn2MkYZWyAHi8ltIxMv1yOTPRodD6lhZ-XQpGtNmH17MBWTHMogAOzjpMID_XAYBdL-owbxUypfHxve9gfopak3J8k7NsuS-JOAS7XpjQHsbYx-1dOJXteTT8mdfOhqSwq84uiRCMn84omyYwPbDH_mdPpsFtYFiO4smX-PziVV7XIz9NFptxV1GTUAk8vonQPL7uqqx07B1DcIeatenei611W5OhoTFlCLFCx01ZCvzQuMKXX4SxLdtivkJXQNtEHxnWiTAhPWbBRPp8MAVqv8zF8YCCIJc5hPvA [0m-[0m - ms - -[0m
[0mGET / [32m200[0m 37.437 ms - 4857[0m
[0mGET / [36m304[0m 24.730 ms - -[0m
[0mGET / [36m304[0m 42.822 ms - -[0m
[0mGET / [36m304[0m 37.912 ms - -[0m
[0mGET / [36m304[0m 14.061 ms - -[0m
[0mGET / [36m304[0m 10.731 ms - -[0m
[0mGET / [36m304[0m 12.133 ms - -[0m
[0mGET / [36m304[0m 41.481 ms - -[0m
[0mGET /users/sign-out [36m302[0m 13.740 ms - 46[0m
[0mGET / [32m200[0m 15.420 ms - 3529[0m
[0mGET /users/sign-in [32m200[0m 8.854 ms - 4055[0m
[0mGET /users/auth/google [36m302[0m 8.026 ms - 0[0m
[0mGET /users/auth/google/callback?code=4%2F0AY0e-g5NsNz98LJy3YZ_xVKcBFEg1SLLaW9sip1PiOHlpDc5ZKFqXU2sgdlKwL321QCFYg&scope=email+profile+https%3A%2F%2Fwww.googleapis.com%2Fauth%2Fuserinfo.profile+https%3A%2F%2Fwww.googleapis.com%2Fauth%2Fuserinfo.email+openid&authuser=3&prompt=consent [36m302[0m 1964.551 ms - 46[0m
[0mGET / [32m200[0m 12.245 ms - 5602[0m
[0mGET / [32m200[0m 44.737 ms - 5311[0m
[0mGET / [36m304[0m 16.530 ms - -[0m
[0mGET / [36m304[0m 11.611 ms - -[0m
[0mGET / [32m200[0m 13.683 ms - 5363[0m
[0mGET / [32m200[0m 12.044 ms - 5415[0m
[0mGET / [36m304[0m 16.609 ms - -[0m
[0mGET / [32m200[0m 10.670 ms - 5494[0m
[0mGET / [32m200[0m 12.668 ms - 5575[0m
[0mGET /? [32m200[0m 14.528 ms - 5575[0m
[0mGET /? [32m200[0m 13.422 ms - 4705[0m
[0mGET /? [36m304[0m 14.481 ms - -[0m
[0mGET /? [36m304[0m 11.532 ms - -[0m
[0mGET /? [36m304[0m 10.504 ms - -[0m
[0mGET /? [36m304[0m 9.469 ms - -[0m
[0mGET /? [36m304[0m 11.302 ms - -[0m
[0mGET /? [32m200[0m 13.941 ms - 4754[0m
[0mGET /? [36m304[0m 12.435 ms - -[0m
[0mGET /? [36m304[0m 12.672 ms - -[0m
[0mGET /? [32m200[0m 12.898 ms - 4769[0m
[0mGET /? [32m200[0m 12.739 ms - 4755[0m
[0mGET /? [36m304[0m 13.066 ms - -[0m
[0mGET /? [32m200[0m 12.841 ms - 4744[0m
[0mGET /? [32m200[0m 12.625 ms - 4758[0m
[0mGET / [32m200[0m 30.683 ms - 4758[0m
[0mGET /users/sign-out [36m302[0m 18.174 ms - 46[0m
[0mGET / [32m200[0m 16.226 ms - 3961[0m
[0mGET /users/sign-in [36m304[0m 11.802 ms - -[0m
[0mGET /users/auth/google [36m302[0m 10.460 ms - 0[0m
[0mGET /users/auth/google/callback?code=4%2F0AY0e-g6GCkHHG4Jobqotb5fmGAUUSiwO8L2xBsuXlWr90dxScI1tdt5urc6ijzCGk0tOXg&scope=email+profile+https%3A%2F%2Fwww.googleapis.com%2Fauth%2Fuserinfo.profile+https%3A%2F%2Fwww.googleapis.com%2Fauth%2Fuserinfo.email+openid&authuser=1&prompt=none [36m302[0m 2219.812 ms - 46[0m
[0mGET / [32m200[0m 17.808 ms - 5500[0m
[0mGET / [32m200[0m 20.518 ms - 5209[0m
[0mGET / [32m200[0m 24.491 ms - 5183[0m
[0mGET / [36m304[0m 28.459 ms - -[0m
[0mGET / [36m304[0m 26.409 ms - -[0m
[0mGET / [32m200[0m 22.802 ms - 5188[0m
[0mGET / [32m200[0m 36.253 ms - 4103[0m
[0mGET /favicon.ico [33m404[0m 12.871 ms - 150[0m
[0mGET /users/sign-in [36m304[0m 7.414 ms - -[0m
[0mGET /users/auth/google [36m302[0m 7.703 ms - 0[0m
[0mGET /users/auth/google/callback?code=4%2F0AY0e-g7xX_hRxJ3wlGMlO3bjZyJA3SFQ1KVx6XAz8spOQCiHgA6Mhqsnkafx4FTTkMC3HA&scope=email+profile+https%3A%2F%2Fwww.googleapis.com%2Fauth%2Fuserinfo.profile+https%3A%2F%2Fwww.googleapis.com%2Fauth%2Fuserinfo.email+openid&authuser=0&prompt=consent [36m302[0m 899.684 ms - 46[0m
[0mGET / [32m200[0m 14.409 ms - 5482[0m
[0mPOST /posts/create [36m302[0m 39.461 ms - 88[0m
[0mGET / [32m200[0m 24.196 ms - 8028[0m
[0mPOST /comments/create [36m302[0m 22.550 ms - 46[0m
[0mGET / [32m200[0m 21.973 ms - 9297[0m
[0mGET /likes/toggle/?id=60b1ba5e1415113adc86a3da&type=Comment [36m302[0m 23.374 ms - 88[0m
[0mGET / [32m200[0m 16.634 ms - 9010[0m
[0mGET /likes/toggle/?id=60b1ba551415113adc86a3d9&type=Post [36m302[0m 12.011 ms - 88[0m
[0mGET / [32m200[0m 18.514 ms - 9010[0m
[0mPOST /comments/create [36m302[0m 11.637 ms - 46[0m
[0mGET / [32m200[0m 19.612 ms - 10563[0m
[0mGET /comments/destroy/60b1ba6c1415113adc86a3e0 [36m302[0m 8.995 ms - 46[0m
[0mGET / [32m200[0m 15.628 ms - 9295[0m
[0mGET /comments/destroy/60b1ba5e1415113adc86a3da [36m302[0m 7.161 ms - 46[0m
[0mGET / [32m200[0m 15.294 ms - 8029[0m
[0mGET /posts/destroy/60b1ba551415113adc86a3d9 [36m302[0m 13.816 ms - 88[0m
[0mGET / [32m200[0m 11.374 ms - 5497[0m
[0mGET / [32m200[0m 43.232 ms - 4103[0m
[0mGET /users/sign-in [36m304[0m 16.316 ms - -[0m
[0mGET /users/auth/facebook [36m302[0m 6.919 ms - 0[0m
[0mGET /users/auth/facebook/callback?code=AQAuBh7InrkpDalfJ-P62MLxWeSclqgHqUGaiM-ufKw5niXGm8EefwQlSsxkrcBH0dPHErKuR965cS-airL9xU6Se6gykWz1IbS8mvm_a4Jsaw_Pg-tSStj9YzHZdWqvgstF5zVNBpJtZ1PFYuJ5ezPa264eKakK-6KX1sTNIujTQe0E4rtP9mv6GfFIbp7cS1Vi6jFwCizTDT6__8i_78Gp0hJTvT74fsYkVM5Yl0CNy8aDXRIEF5C_F2kjvzUiwrA391RVakNl9fwXscCeJELrR1fCTBZwNRTB2K2_E8SIiw9SW1Dw3CZ7fuHtYtdmZwh6nRY-Ptck5urzIsIrKzS0 [0m-[0m - ms - -[0m
[0mGET /users/sign-in [36m304[0m 4.335 ms - -[0m
[0mGET /favicon.ico [33m404[0m 4.387 ms - 150[0m
[0mGET /users/auth/google [36m302[0m 5.118 ms - 0[0m
[0mGET /users/auth/google/callback?code=4%2F0AY0e-g6IjM2QBpcDbxfCWMlPzynXa7-CBToX4RWMQzmmtXQdZpGBcL16JJojk3P6Uu6rCg&scope=email+profile+https%3A%2F%2Fwww.googleapis.com%2Fauth%2Fuserinfo.profile+https%3A%2F%2Fwww.googleapis.com%2Fauth%2Fuserinfo.email+openid&authuser=0&prompt=none [36m302[0m 1059.376 ms - 46[0m
[0mGET / [32m200[0m 16.945 ms - 5482[0m
[0mGET /users/profiel/60b10c710c87fc61a0acd9c8 [32m200[0m 10.805 ms - 3572[0m
[0mPOST /users/update/60b10c710c87fc61a0acd9c8 [36m302[0m 74.110 ms - 164[0m
[0mGET /users/profiel/60b10c710c87fc61a0acd9c8 [32m200[0m 8.657 ms - 3613[0m
[0mGET / [32m200[0m 44.091 ms - 5463[0m
[0mGET /users/sign-out [36m302[0m 10.737 ms - 46[0m
[0mGET / [32m200[0m 13.128 ms - 4390[0m
[0mGET /users/sign-in [36m304[0m 7.224 ms - -[0m
[0mGET /users/auth/github [36m302[0m 6.648 ms - 0[0m
[0mGET /users/auth/github/callback?code=55d75d79cb84c8ca654f [0m-[0m - ms - -[0m
[0mGET /users/auth/github/callback?code=55d75d79cb84c8ca654f [31m500[0m 1470.041 ms - 1299[0m
[0mGET /users/auth/github/callback?code=55d75d79cb84c8ca654f [31m500[0m 582.563 ms - 1299[0m
[0mGET /users/sign-in [36m304[0m 5.457 ms - -[0m
[0mGET / [32m200[0m 96.256 ms - 4101[0m
[0mGET /users/sign-in [32m200[0m 33.127 ms - 3749[0m
[0mGET /users/auth/google [36m302[0m 15.712 ms - 0[0m
[0mGET /users/auth/google/callback?code=4%2F0AY0e-g7SUVW15RbNGQ_emVYW3vAPcOYUcpVr5isnyV7PJYjhfV3bwOq1-fiFoQHPmFG6_A&scope=email+profile+https%3A%2F%2Fwww.googleapis.com%2Fauth%2Fuserinfo.profile+https%3A%2F%2Fwww.googleapis.com%2Fauth%2Fuserinfo.email+openid&authuser=2&prompt=consent [36m302[0m 1176.119 ms - 46[0m
[0mGET / [32m200[0m 38.913 ms - 5478[0m
[0mPOST /posts/create [36m302[0m 34.557 ms - 88[0m
[0mGET / [32m200[0m 55.148 ms - 8030[0m
[0mGET /likes/toggle/?id=60ba1b66cf07713e38c702f3&type=Post [36m302[0m 32.608 ms - 88[0m
[0mGET / [32m200[0m 35.480 ms - 7746[0m
[0mPOST /comments/create [36m302[0m 23.449 ms - 46[0m
[0mGET / [32m200[0m 45.380 ms - 9299[0m
[0mGET /likes/toggle/?id=60ba1b9ccf07713e38c702f6&type=Comment [36m302[0m 24.448 ms - 88[0m
[0mGET / [32m200[0m 39.677 ms - 9012[0m
[0mGET /comments/destroy/60ba1b9ccf07713e38c702f6 [36m302[0m 16.573 ms - 46[0m
[0mGET / [32m200[0m 27.818 ms - 8031[0m
[0mGET /posts/destroy/60ba1b66cf07713e38c702f3 [36m302[0m 24.546 ms - 88[0m
[0mGET / [32m200[0m 28.267 ms - 5493[0m
[0mGET / [32m200[0m 115.355 ms - 4101[0m
[0mGET /users/sign-in [36m304[0m 32.713 ms - -[0m
[0mGET /users/auth/google [36m302[0m 15.340 ms - 0[0m
[0mGET /users/auth/google/callback?code=4%2F0AY0e-g76Q2-Nh4ar2u7vfpd-6GsGMpG6vIEtgy9LPCMwakiywp_fVpqihJLpe2KimWVIVw&scope=email+profile+https%3A%2F%2Fwww.googleapis.com%2Fauth%2Fuserinfo.profile+https%3A%2F%2Fwww.googleapis.com%2Fauth%2Fuserinfo.email+openid&authuser=1&prompt=consent [36m302[0m 1991.796 ms - 46[0m
[0mGET / [32m200[0m 35.070 ms - 5478[0m
[0mPOST /posts/create [36m302[0m 37.138 ms - 88[0m
[0mGET / [32m200[0m 51.731 ms - 8024[0m
[0mGET /likes/toggle/?id=60c0ca525a07db4794ff409a&type=Post [36m302[0m 37.692 ms - 88[0m
[0mGET / [32m200[0m 35.180 ms - 7740[0m
[0mGET /likes/toggle/?id=60c0ca525a07db4794ff409a&type=Post [36m302[0m 30.444 ms - 88[0m
[0mGET / [32m200[0m 33.681 ms - 7740[0m
[0mPOST /comments/create [36m302[0m 28.433 ms - 46[0m
[0mGET / [32m200[0m 54.543 ms - 9292[0m
[0mGET /comments/destroy/60c0ca5f5a07db4794ff409e [36m302[0m 18.723 ms - 46[0m
[0mGET / [32m200[0m 43.661 ms - 8025[0m
