[0mGET /users/sign-out [36m302[0m 27.295 ms - 46[0m
[0mGET / [32m200[0m 61.153 ms - 17268[0m
[0mGET /users/sign-in [36m304[0m 7.591 ms - -[0m
[0mGET /users/auth/google [36m302[0m 5.779 ms - 0[0m
[0mGET /users/auth/google/callback?code=4%2F0AX4XfWjJHqYQSYMMEM57ssbul7_ZhgjxBlh-iS9yw_IIB_huqVfzp-Iz1KhnV53x02t8QA&scope=email+profile+https%3A%2F%2Fwww.googleapis.com%2Fauth%2Fuserinfo.profile+https%3A%2F%2Fwww.googleapis.com%2Fauth%2Fuserinfo.email+openid&authuser=2&prompt=consent [36m302[0m 949.583 ms - 46[0m
[0mGET / [32m200[0m 55.861 ms - 33860[0m
[0mGET /users/profiel/60b10c710c87fc61a0acd9c8 [36m304[0m 13.175 ms - -[0m
[0mGET /uploads/users/avatars/avatar-1622442936528 [33m404[0m 11.580 ms - 181[0m
[0mGET /users/profiel/60b10c710c87fc61a0acd9c8 [36m304[0m 35.903 ms - -[0m
[0mGET /uploads/users/avatars/avatar-1622442936528 [33m404[0m 6.542 ms - 181[0m
[0mGET /users/profiel/60b10c710c87fc61a0acd9c8 [36m304[0m 33.557 ms - -[0m
[0mGET /uploads/users/avatars/avatar-1622442936528 [33m404[0m 7.762 ms - 181[0m
[0mGET /users/profiel/60b10c710c87fc61a0acd9c8 [36m304[0m 29.813 ms - -[0m
[0mGET /uploads/users/avatars/avatar-1622442936528 [33m404[0m 8.373 ms - 181[0m
[0mPOST /users/update/60b10c710c87fc61a0acd9c8 [36m302[0m 35.628 ms - 164[0m
[0mGET /users/profiel/60b10c710c87fc61a0acd9c8 [36m304[0m 13.115 ms - -[0m
[0mGET /uploads/users/avatars/avatar-1622442936528 [33m404[0m 5.192 ms - 181[0m
[0mGET /users/profiel/60b10c710c87fc61a0acd9c8 [36m304[0m 27.426 ms - -[0m
[0mGET /uploads/users/avatars/avatar-1622442936528 [33m404[0m 6.113 ms - 181[0m
[0mGET /users/profiel/60b10c710c87fc61a0acd9c8 [36m304[0m 13.874 ms - -[0m
[0mGET /uploads/users/avatars/avatar-1622442936528 [33m404[0m 4.943 ms - 181[0m
[0mPOST /users/update/60b10c710c87fc61a0acd9c8 [36m302[0m 33.465 ms - 164[0m
[0mGET /users/profiel/60b10c710c87fc61a0acd9c8 [36m304[0m 13.093 ms - -[0m
[0mGET /uploads/users/avatars/avatar-1622442936528 [33m404[0m 4.802 ms - 181[0m
[0mPOST /users/update/60b10c710c87fc61a0acd9c8 [36m302[0m 32.966 ms - 164[0m
[0mGET /users/profiel/60b10c710c87fc61a0acd9c8 [36m304[0m 15.699 ms - -[0m
[0mGET /uploads/users/avatars/avatar-1622442936528 [33m404[0m 9.158 ms - 181[0m
[0mGET /users/profiel/60b10c710c87fc61a0acd9c8 [36m304[0m 60.021 ms - -[0m
[0mGET /uploads/users/avatars/avatar-1622442936528 [33m404[0m 13.938 ms - 181[0m
[0mPOST /users/update/60b10c710c87fc61a0acd9c8 [36m302[0m 72.872 ms - 164[0m
[0mGET /users/profiel/60b10c710c87fc61a0acd9c8 [36m304[0m 18.216 ms - -[0m
[0mGET /uploads/users/avatars/avatar-1622442936528 [33m404[0m 13.066 ms - 181[0m
[0mGET /users/profiel/60b10c710c87fc61a0acd9c8 [32m200[0m 70.308 ms - 3562[0m
[0mGET /uploads/users/avatars/avatar-1622442936528 [33m404[0m 12.526 ms - 181[0m
[0mGET /users/profiel/60b10c710c87fc61a0acd9c8 [32m200[0m 15.151 ms - 3516[0m
[0mGET /uploads/users/avatars/avatar-1622442936528 [33m404[0m 11.395 ms - 181[0m
[0mPOST /users/update/60b10c710c87fc61a0acd9c8 [36m302[0m 63.007 ms - 164[0m
[0mGET /users/profiel/60b10c710c87fc61a0acd9c8 [32m200[0m 19.583 ms - 3516[0m
[0mGET / [32m200[0m 223.281 ms - 16979[0m
[0mGET /favicon.ico [33m404[0m 15.579 ms - 150[0m
[0mGET /users/sign-in [36m304[0m 12.367 ms - -[0m
[0mGET /users/auth/google [36m302[0m 13.236 ms - 0[0m
[0mGET /users/auth/google/callback?code=4%2F0AX4XfWgjwFwN405_M0-CGzXMB5NSkkqLuv_i9tTwdC4oejZ5tz1ToAK1DkKW2vLq-ERlqQ&scope=email+profile+https%3A%2F%2Fwww.googleapis.com%2Fauth%2Fuserinfo.profile+https%3A%2F%2Fwww.googleapis.com%2Fauth%2Fuserinfo.email+openid&authuser=2&prompt=consent [36m302[0m 1382.122 ms - 46[0m
[0mGET / [32m200[0m 120.033 ms - 33860[0m
[0mGET /users/profiel/60b10c710c87fc61a0acd9c8 [36m304[0m 26.574 ms - -[0m
[0mPOST /users/update/60b10c710c87fc61a0acd9c8 [36m302[0m 188.340 ms - 164[0m
[0mGET /users/profiel/60b10c710c87fc61a0acd9c8 [32m200[0m 26.538 ms - 3516[0m
[0mGET /uploads/users/avatars/avatar-1625472984027 [33m404[0m 8.976 ms - 181[0m
[0mGET /users/profiel/60b10c710c87fc61a0acd9c8 [36m304[0m 74.072 ms - -[0m
[0mGET /uploads/users/avatars/avatar-1625472984027 [33m404[0m 16.770 ms - 181[0m
[0mPOST /users/update/60b10c710c87fc61a0acd9c8 [36m302[0m 215.385 ms - 164[0m
[0mGET /users/profiel/60b10c710c87fc61a0acd9c8 [32m200[0m 20.119 ms - 3516[0m
[0mGET / [32m200[0m 117.767 ms - 33845[0m
[0mGET /comments/destroy/60e15ab1a7d21b249423b605 [36m302[0m 19.906 ms - 46[0m
[0mGET / [32m200[0m 86.977 ms - 32589[0m
[0mGET /posts/destroy/60dedc1a28c848229449f275 [33m401[0m 11.794 ms - -[0m
[0mGET /comments/destroy/60e15c33789f6951187eb152 [36m302[0m 15.571 ms - 46[0m
[0mGET / [32m200[0m 66.194 ms - 31323[0m
[0mGET /comments/destroy/60e15c56339b2d0ee474f6ab [36m302[0m 15.841 ms - 46[0m
[0mGET / [32m200[0m 64.932 ms - 30053[0m
[0mGET /comments/destroy/60e15c81339b2d0ee474f6ac [36m302[0m 16.295 ms - 46[0m
[0mGET / [32m200[0m 62.564 ms - 28787[0m
[0mGET /posts/destroy/60dedc1a28c848229449f275 [33m401[0m 10.102 ms - -[0m
[0mPOST /comments/create [36m302[0m 45.714 ms - 46[0m
[0mGET / [32m200[0m 127.022 ms - 30055[0m
[0mGET /posts/destroy/60debeb4d73a305c549dd568 [33m401[0m 42.163 ms - -[0m
[0mGET /posts/destroy/60c8e41f12e1fd56ace94962 [33m401[0m 18.097 ms - -[0m
[0mGET /posts/destroy/60e06ea0bd883631248e3b6d [33m401[0m 11.461 ms - -[0m
[0mGET /users/sign-out [36m302[0m 25.045 ms - 46[0m
[0mGET / [32m200[0m 110.017 ms - 17268[0m
[0mGET /users/sign-in [36m304[0m 18.220 ms - -[0m
[0mPOST /users/create-session [36m302[0m 13.437 ms - 46[0m
[0mGET / [32m200[0m 87.910 ms - 30059[0m
[0mGET /posts/destroy/60e06ea0bd883631248e3b6d [33m401[0m 9.670 ms - -[0m
[0mPOST /posts/create [36m302[0m 41.274 ms - 88[0m
[0mGET / [32m200[0m 92.100 ms - 32627[0m
[0mGET /posts/destroy/60e2e1de44564611bc31d124 [33m401[0m 11.997 ms - -[0m
[0mGET / [32m200[0m 147.671 ms - 18273[0m
[0mGET /favicon.ico [33m404[0m 9.881 ms - 150[0m
[0mGET /users/sign-in [32m200[0m 11.029 ms - 4064[0m
[0mGET /users/auth/facebook [31m500[0m 8.396 ms - 2172[0m
[0mGET /users/sign-in [36m304[0m 34.210 ms - -[0m
[0mGET /users/auth/facebook [36m302[0m 10.228 ms - 0[0m
[0mGET /users/sign-in [36m304[0m 13.884 ms - -[0m
[0mGET /users/auth/facebook [36m302[0m 8.017 ms - 0[0m
[0mGET /users/sign-in [36m304[0m 9.236 ms - -[0m
[0mGET /users/sign-in [36m304[0m 8.033 ms - -[0m
[0mGET /users/auth/facebook [36m302[0m 6.706 ms - 0[0m
[0mGET /users/sign-in [36m304[0m 6.802 ms - -[0m
[0mGET /users/auth/facebook [36m302[0m 5.708 ms - 0[0m
[0mGET /users/sign-in [36m304[0m 33.392 ms - -[0m
[0mGET /users/auth/facebook [36m302[0m 12.208 ms - 0[0m
[0mGET /users/sign-in [36m304[0m 13.278 ms - -[0m
[0mGET /users/sign-in [36m304[0m 10.306 ms - -[0m
[0mGET /users/auth/facebook [36m302[0m 7.975 ms - 0[0m
[0mGET /users/sign-in [36m304[0m 33.722 ms - -[0m
[0mGET /users/auth/facebook [31m500[0m 9.986 ms - 2172[0m
[0mGET /users/auth/facebook [36m302[0m 23.147 ms - 0[0m
[0mGET /users/sign-in [36m304[0m 25.497 ms - -[0m
[0mGET /users/sign-in [36m304[0m 11.428 ms - -[0m
[0mGET /users/auth/facebook [36m302[0m 10.689 ms - 0[0m
[0mGET /users/sign-in [36m304[0m 34.656 ms - -[0m
[0mGET /users/sign-in [36m304[0m 13.746 ms - -[0m
[0mGET /users/auth/facebook [36m302[0m 9.833 ms - 0[0m
[0mGET /users/sign-in [36m304[0m 32.342 ms - -[0m
[0mGET /users/sign-in [36m304[0m 10.476 ms - -[0m
[0mGET /users/sign-in [36m304[0m 7.067 ms - -[0m
[0mGET /users/sign-in [36m304[0m 8.339 ms - -[0m
[0mGET /users/auth/facebook [36m302[0m 9.241 ms - 0[0m
[0mGET /users/sign-in [36m304[0m 35.489 ms - -[0m
[0mGET /users/sign-in [36m304[0m 12.372 ms - -[0m
[0mGET /users/auth/facebook [36m302[0m 9.784 ms - 0[0m
[0mGET / [36m304[0m 128.771 ms - -[0m
[0mGET /users/sign-in [36m304[0m 8.966 ms - -[0m
[0mGET /users/auth/facebook [36m302[0m 8.254 ms - 0[0m
[0mGET /users/sign-in [36m304[0m 7.228 ms - -[0m
[0mGET /users/auth/facebook [36m302[0m 3.216 ms - 0[0m
[0mGET /users/sign-in [36m304[0m 7.374 ms - -[0m
[0mGET /users/auth/facebook [36m302[0m 4.209 ms - 0[0m
[0mGET / [36m304[0m 77.031 ms - -[0m
[0mGET /users/sign-in [36m304[0m 7.266 ms - -[0m
[0mGET /users/auth/facebook [36m302[0m 6.099 ms - 0[0m
[0mGET /users/sign-in [36m304[0m 12.830 ms - -[0m
[0mGET /users/auth/facebook [36m302[0m 8.733 ms - 0[0m
[0mGET /users/sign-in [36m304[0m 5.557 ms - -[0m
[0mGET /users/auth/facebook [36m302[0m 4.473 ms - 0[0m
[0mGET /users/sign-in [36m304[0m 17.679 ms - -[0m
[0mGET / [36m304[0m 81.695 ms - -[0m
[0mGET /users/sign-in [36m304[0m 8.467 ms - -[0m
[0mGET /users/auth/facebook [36m302[0m 6.960 ms - 0[0m
[0mGET /users/auth/facebook [36m302[0m 5.990 ms - 0[0m
[0mGET /users/auth/facebook [36m302[0m 4.672 ms - 0[0m
[0mGET /users/sign-in [32m200[0m 5.134 ms - 4048[0m
[0mGET /users/auth/facebook [36m302[0m 3.064 ms - 0[0m
[0mGET /users/sign-in [32m200[0m 7.063 ms - 4242[0m
[0mGET /users/sign-in [32m200[0m 6.082 ms - 4176[0m
[0mGET /users/sign-in [36m304[0m 4.369 ms - -[0m
[0mGET /users/sign-in [32m200[0m 4.111 ms - 4126[0m
[0mGET /users/sign-in [32m200[0m 7.998 ms - 4457[0m
[0mGET /users/auth/facebook [36m302[0m 4.307 ms - 0[0m
[0mGET /users/sign-in [32m200[0m 7.401 ms - 4037[0m
[0mGET /users/sign-in [32m200[0m 5.877 ms - 3988[0m
[0mGET /users/sign-in [36m304[0m 5.217 ms - -[0m
[0mGET /users/sign-in [36m304[0m 4.780 ms - -[0m
[0mGET /users/sign-in [32m200[0m 5.325 ms - 4054[0m
[0mGET /users/sign-in [36m304[0m 6.274 ms - -[0m
[0mGET /users/auth/facebook [36m302[0m 5.649 ms - 0[0m
[0mGET / [32m200[0m 85.566 ms - 18502[0m
[0mGET /users/sign-in [36m304[0m 9.038 ms - -[0m
[0mGET /users/auth/facebook [36m302[0m 6.026 ms - 0[0m
[0mGET / [36m304[0m 97.826 ms - -[0m
[0mGET /users/sign-in [36m304[0m 13.238 ms - -[0m
[0mGET /users/auth/facebook [36m302[0m 8.154 ms - 0[0m
[0mGET /users/sign-in [36m304[0m 22.098 ms - -[0m
[0mGET /users/auth/facebook [36m302[0m 10.540 ms - 0[0m
[0mGET /users/sign-in [36m304[0m 10.153 ms - -[0m
[0mGET /users/auth/facebook [36m302[0m 6.101 ms - 0[0m
[0mGET /users/auth/google [36m302[0m 6.243 ms - 0[0m
[0mGET /users/auth/facebook [36m302[0m 4.725 ms - 0[0m
[0mGET /users/sign-in [36m304[0m 11.005 ms - -[0m
[0mGET /users/sign-in [36m304[0m 7.142 ms - -[0m
[0mGET /users/auth/facebook [36m302[0m 5.024 ms - 0[0m
[0mGET /users/sign-in [36m304[0m 5.181 ms - -[0m
[0mGET /users/auth/facebook [36m302[0m 5.221 ms - 0[0m
[0mGET / [36m304[0m 234.324 ms - -[0m
[0mGET /favicon.ico [33m404[0m 15.981 ms - 150[0m
[0mGET /users/sign-in [36m304[0m 17.669 ms - -[0m
[0mGET /users/auth/facebook [36m302[0m 9.417 ms - 0[0m
[0mGET / [32m200[0m 199.415 ms - 18502[0m
[0mGET /favicon.ico [33m404[0m 10.378 ms - 150[0m
