[0mGET / [36m304[0m 57.913 ms - -[0m
[0mGET /users/sign-in [36m304[0m 9.534 ms - -[0m
[0mGET /reset_password/enter_email [33m404[0m 5.163 ms - 165[0m
[0mPOST /users/create-session [36m302[0m 12.415 ms - 72[0m
[0mGET /users/sign-in [32m200[0m 7.192 ms - 4041[0m
[0mGET /users/auth/google [36m302[0m 6.545 ms - 0[0m
[0mGET /users/auth/google/callback?code=4%2F0AY0e-g4NNj0usyAUFxztUlV9haPfSVZjC0wwE8R5Eu29fGVSmd9K35w7DoriWr-XeEguWw&scope=email+profile+https%3A%2F%2Fwww.googleapis.com%2Fauth%2Fuserinfo.profile+https%3A%2F%2Fwww.googleapis.com%2Fauth%2Fuserinfo.email+openid&authuser=0&prompt=consent [36m302[0m 1632.771 ms - 46[0m
[0mGET / [32m200[0m 30.804 ms - 8031[0m
[0mGET /posts/destroy/60c0ca525a07db4794ff409a [36m302[0m 18.752 ms - 88[0m
[0mGET / [32m200[0m 11.328 ms - 5493[0m
[0mPOST /posts/create [36m302[0m 15.110 ms - 88[0m
[0mGET / [32m200[0m 17.015 ms - 8024[0m
[0mPOST /comments/create [36m302[0m 15.659 ms - 46[0m
[0mGET / [32m200[0m 19.776 ms - 9293[0m
[0mGET /likes/toggle/?id=60c8a122d96a1c2ecc9a7fa2&type=Comment [36m302[0m 14.685 ms - 88[0m
[0mGET / [32m200[0m 20.424 ms - 9006[0m
[0mGET /likes/toggle/?id=60c8a11cd96a1c2ecc9a7fa1&type=Post [36m302[0m 11.689 ms - 88[0m
[0mGET / [32m200[0m 22.792 ms - 9006[0m
[0mGET /posts/destroy/60c8a11cd96a1c2ecc9a7fa1 [36m302[0m 12.180 ms - 88[0m
[0mGET / [32m200[0m 9.832 ms - 5493[0m
[0mGET /users/sign-out [36m302[0m 5.403 ms - 46[0m
[0mGET / [32m200[0m 9.408 ms - 4390[0m
[0mGET /users/sign-in [32m200[0m 8.383 ms - 3749[0m
[0mGET /reset_password/enter_email [33m404[0m 4.214 ms - 165[0m
[0mGET /reset_password/enter_email [33m404[0m 9.529 ms - 165[0m
[0mGET /users/sign-in [36m304[0m 14.283 ms - -[0m
[0mGET /users/auth/github [36m302[0m 8.712 ms - 0[0m
[0mGET /users/auth/github/callback?code=466a136caaf75cf681b7 [0m-[0m - ms - -[0m
[0mGET / [32m200[0m 15.133 ms - 4101[0m
[0mGET / [36m304[0m 53.502 ms - -[0m
[0mGET /users/sign-in [36m304[0m 8.721 ms - -[0m
[0mGET /reset_password/enter_email [33m404[0m 6.167 ms - 165[0m
[0mGET /reset_password/enter_email [33m404[0m 3.484 ms - 165[0m
[0mGET / [36m304[0m 11.288 ms - -[0m
[0mGET / [36m304[0m 33.959 ms - -[0m
[0mGET /users/sign-in [36m304[0m 9.389 ms - -[0m
[0mGET /reset_password/enter_email [32m200[0m 8.934 ms - 2689[0m
[0mPOST /reset_password/send_mail [36m302[0m 47.233 ms - 140[0m
[0mGET /reset_password/enter_email [32m200[0m 6.797 ms - 3000[0m
[0mGET /reset_password/reset/?access_token=dcb8f4be613705353e7d2b7499044636ebc1f8e373e799e91d2b9a60b1fa63c464f1cbf0db60302d [32m200[0m 11.521 ms - 2910[0m
[0mPOST /reset_password/password_changed [36m302[0m 24.264 ms - 72[0m
[0mGET /users/sign-in [36m304[0m 4.651 ms - -[0m
[0mGET /users/sign-up [32m200[0m 8.427 ms - 3832[0m
[0mPOST /users/create [36m302[0m 10.466 ms - 72[0m
[0mGET /users/sign-in [36m304[0m 5.832 ms - -[0m
[0mPOST /users/create-session [36m302[0m 9.557 ms - 46[0m
[0mGET / [32m200[0m 13.345 ms - 5886[0m
[0mGET /users/sign-out [36m302[0m 7.069 ms - 46[0m
[0mGET / [32m200[0m 9.010 ms - 4824[0m
[0mGET /users/sign-up [36m304[0m 6.888 ms - -[0m
[0mGET /users/sign-in [36m304[0m 7.168 ms - -[0m
[0mGET / [32m200[0m 10.317 ms - 4535[0m
[0mGET /users/sign-in [36m304[0m 7.065 ms - -[0m
[0mPOST /users/create-session [36m302[0m 8.015 ms - 46[0m
[0mGET / [32m200[0m 12.152 ms - 5886[0m
[0mPOST /posts/create [36m302[0m 8.454 ms - 88[0m
[0mGET / [32m200[0m 25.790 ms - 8423[0m
[0mGET /users/sign-out [36m302[0m 5.807 ms - 46[0m
[0mGET / [32m200[0m 13.247 ms - 6109[0m
[0mGET /users/sign-up [36m304[0m 7.464 ms - -[0m
[0mGET /users/sign-in [36m304[0m 7.816 ms - -[0m
[0mGET /users/auth/google [36m302[0m 4.596 ms - 0[0m
[0mGET /users/auth/google/callback?code=4%2F0AY0e-g5ChuI_URRAwphFodODzjk5GgNV3Sr0JONMb3aBnCKYhBAihXrQr3d1fGhS3lqUaA&scope=email+profile+https%3A%2F%2Fwww.googleapis.com%2Fauth%2Fuserinfo.profile+https%3A%2F%2Fwww.googleapis.com%2Fauth%2Fuserinfo.email+openid&authuser=0&prompt=consent [36m302[0m 1611.086 ms - 46[0m
[0mGET / [32m200[0m 14.681 ms - 8183[0m
[0mGET /likes/toggle/?id=60c8adeb47457f11702ca373&type=Post [36m302[0m 12.119 ms - 88[0m
[0mGET / [32m200[0m 18.309 ms - 7892[0m
[0mPOST /posts/create [36m302[0m 9.092 ms - 88[0m
[0mGET / [32m200[0m 19.558 ms - 10729[0m
[0mGET /users/sign-out [36m302[0m 5.841 ms - 46[0m
[0mGET / [32m200[0m 13.721 ms - 7403[0m
[0mGET /users/sign-in [36m304[0m 6.650 ms - -[0m
[0mGET /users/auth/google [36m302[0m 5.773 ms - 0[0m
[0mGET /users/auth/google/callback?code=4%2F0AY0e-g480Ga3jCTRHY8PT-CDR0Hdu5nXO_6wkYytsbrzeqxDQu0pJwi5Ye_mbmpOssxD5A&scope=email+profile+https%3A%2F%2Fwww.googleapis.com%2Fauth%2Fuserinfo.profile+https%3A%2F%2Fwww.googleapis.com%2Fauth%2Fuserinfo.email+openid&authuser=2&prompt=consent [36m302[0m 2320.026 ms - 46[0m
[0mGET / [32m200[0m 16.457 ms - 10465[0m
[0mPOST /posts/create [36m302[0m 15.381 ms - 88[0m
[0mGET / [32m200[0m 21.019 ms - 13013[0m
[0mGET / [32m200[0m 53.301 ms - 12729[0m
[0mGET /posts/destroy/60c8aeb347457f11702ca377 [36m302[0m 27.322 ms - 88[0m
[0mGET / [32m200[0m 27.557 ms - 10480[0m
[0mPOST /posts/create [36m302[0m 15.800 ms - 88[0m
[0mGET / [32m200[0m 21.740 ms - 13011[0m
[0mGET /users/sign-in [36m302[0m 6.875 ms - 72[0m
[0mGET /users/profile [33m404[0m 5.059 ms - 152[0m
[0mGET /posts/destroy/60c8afe5c3c65336f49963c8 [36m302[0m 12.916 ms - 88[0m
[0mGET / [32m200[0m 18.174 ms - 10480[0m
[0mPOST /posts/create [36m302[0m 8.831 ms - 88[0m
[0mGET / [32m200[0m 21.429 ms - 13011[0m
[0mGET /users/sign-out [36m302[0m 6.311 ms - 46[0m
[0mGET / [32m200[0m 16.775 ms - 8697[0m
[0mGET /users/sign-in [32m200[0m 6.460 ms - 3749[0m
[0mGET / [32m200[0m 19.050 ms - 8408[0m
[0mGET /users/sign-in [36m304[0m 56.013 ms - -[0m
[0mGET /users/auth/google [36m302[0m 29.444 ms - 0[0m
[0mGET /users/auth/google/callback?code=4%2F0AY0e-g7MxoLDWOdK5eZl13IqFlF28YySf2sNu73empmQjZJIwWUmwykibD99RwesZJTc-A&scope=email+profile+https%3A%2F%2Fwww.googleapis.com%2Fauth%2Fuserinfo.profile+https%3A%2F%2Fwww.googleapis.com%2Fauth%2Fuserinfo.email+openid&authuser=0&prompt=consent [36m302[0m 1402.801 ms - 46[0m
[0mGET / [32m200[0m 154.897 ms - 13016[0m
[0mPOST /posts/create [36m302[0m 64.610 ms - 88[0m
[0mGET / [32m200[0m 61.525 ms - 15564[0m
